<?xml version="1.0" encoding="UTF-8"?>
<!-- Generated by org.testng.reporters.JUnitReportReporter -->
<testsuite hostname="FIT-HienHT2" failures="0" tests="1" name="testNG.Assertion" time="0.008" errors="0" timestamp="17 Jun 2021 10:13:54 GMT" skipped="0">
  <testcase classname="testNG.Assertion" name="TC_01_Assert" time="0.008"/>
</testsuite> <!-- testNG.Assertion -->
