<?xml version="1.0" encoding="UTF-8"?>
<!-- Generated by org.testng.reporters.JUnitReportReporter -->
<testsuite hostname="FIT-HienHT2" failures="0" tests="6" name="com.nopcommerce.users.Level_04_Register_Login_MultiBrowser" time="27.958" errors="0" timestamp="21 May 2021 01:54:21 GMT" skipped="0">
  <testcase classname="com.nopcommerce.users.Level_04_Register_Login_MultiBrowser" name="LevelTC01_Register" time="10.419"/>
  <testcase classname="com.nopcommerce.users.Level_04_Register_Login_MultiBrowser" name="LevelTC03_View_MyAccount" time="1.235"/>
  <testcase classname="com.nopcommerce.users.Level_04_Register_Login_MultiBrowser" name="LevelTC03_View_MyAccount" time="1.714"/>
  <testcase classname="com.nopcommerce.users.Level_04_Register_Login_MultiBrowser" name="LevelTC02_Login" time="3.129"/>
  <testcase classname="com.nopcommerce.users.Level_04_Register_Login_MultiBrowser" name="LevelTC01_Register" time="7.278"/>
  <testcase classname="com.nopcommerce.users.Level_04_Register_Login_MultiBrowser" name="LevelTC02_Login" time="4.183"/>
</testsuite> <!-- com.nopcommerce.users.Level_04_Register_Login_MultiBrowser -->
