<?xml version="1.0" encoding="UTF-8"?>
<!-- Generated by org.testng.reporters.JUnitReportReporter -->
<testsuite hostname="FIT-HienHT2" failures="0" tests="1" name="testNG.Verify" time="10.466" errors="0" timestamp="18 Jun 2021 07:07:18 GMT" skipped="0">
  <testcase classname="testNG.Verify" name="TC_01_Login_Empty_Email_Password" time="10.466"/>
</testsuite> <!-- testNG.Verify -->
