<?xml version="1.0" encoding="UTF-8"?>
<!-- Generated by org.testng.reporters.JUnitReportReporter -->
<testsuite hostname="FIT-HienHT2" failures="0" tests="8" name="com.nopcommerce.users.Level_07_Register_Login_Switch_Page_Type" time="37.903" errors="0" timestamp="09 Jun 2021 07:43:07 GMT" skipped="0">
  <testcase classname="com.nopcommerce.users.Level_07_Register_Login_Switch_Page_Type" name="LevelTC01_Register" time="7.124"/>
  <testcase classname="com.nopcommerce.users.Level_07_Register_Login_Switch_Page_Type" name="LevelTC03_View_MyAccount" time="2.418"/>
  <testcase classname="com.nopcommerce.users.Level_07_Register_Login_Switch_Page_Type" name="LevelTC01_Register" time="9.791"/>
  <testcase classname="com.nopcommerce.users.Level_07_Register_Login_Switch_Page_Type" name="LevelTC04_Switch_Page_Type" time="4.312"/>
  <testcase classname="com.nopcommerce.users.Level_07_Register_Login_Switch_Page_Type" name="LevelTC02_Login" time="3.848"/>
  <testcase classname="com.nopcommerce.users.Level_07_Register_Login_Switch_Page_Type" name="LevelTC03_View_MyAccount" time="1.279"/>
  <testcase classname="com.nopcommerce.users.Level_07_Register_Login_Switch_Page_Type" name="LevelTC04_Switch_Page_Type" time="5.470"/>
  <testcase classname="com.nopcommerce.users.Level_07_Register_Login_Switch_Page_Type" name="LevelTC02_Login" time="3.661"/>
</testsuite> <!-- com.nopcommerce.users.Level_07_Register_Login_Switch_Page_Type -->
