<?xml version="1.0" encoding="UTF-8"?>
<!-- Generated by org.testng.reporters.JUnitReportReporter -->
<testsuite hostname="FIT-HienHT2" failures="0" tests="3" name="com.nopcommerce.users.Level_01_Register_Login" time="10.137" errors="0" timestamp="20 May 2021 03:39:11 GMT" skipped="0">
  <testcase classname="com.nopcommerce.users.Level_01_Register_Login" name="LevelTC03_View_MyAccount" time="1.113"/>
  <testcase classname="com.nopcommerce.users.Level_01_Register_Login" name="LevelTC02_Login" time="2.108"/>
  <testcase classname="com.nopcommerce.users.Level_01_Register_Login" name="LevelTC01_Register" time="6.916"/>
</testsuite> <!-- com.nopcommerce.users.Level_01_Register_Login -->
