<?xml version="1.0" encoding="UTF-8"?>
<!-- Generated by org.testng.reporters.JUnitReportReporter -->
<testsuite hostname="FIT-HienHT2" failures="0" tests="6" name="com.nopcommerce.users.Level_04_Register_Login_MultiBrowser" time="46.398" errors="0" timestamp="09 Jun 2021 02:10:49 GMT" skipped="0">
  <testcase classname="com.nopcommerce.users.Level_04_Register_Login_MultiBrowser" name="LevelTC03_View_MyAccount" time="1.743"/>
  <testcase classname="com.nopcommerce.users.Level_04_Register_Login_MultiBrowser" name="LevelTC02_Login" time="3.003"/>
  <testcase classname="com.nopcommerce.users.Level_04_Register_Login_MultiBrowser" name="LevelTC02_Login" time="3.237"/>
  <testcase classname="com.nopcommerce.users.Level_04_Register_Login_MultiBrowser" name="LevelTC01_Register" time="25.528"/>
  <testcase classname="com.nopcommerce.users.Level_04_Register_Login_MultiBrowser" name="LevelTC01_Register" time="11.050"/>
  <testcase classname="com.nopcommerce.users.Level_04_Register_Login_MultiBrowser" name="LevelTC03_View_MyAccount" time="1.837"/>
</testsuite> <!-- com.nopcommerce.users.Level_04_Register_Login_MultiBrowser -->
