<?xml version="1.0" encoding="UTF-8"?>
<!-- Generated by org.testng.reporters.JUnitReportReporter -->
<testsuite hostname="FIT-HienHT2" failures="0" tests="3" name="com.nopcommerce.users.Level_02_Register_Login_AbstractPage_01" time="12.413" errors="0" timestamp="20 May 2021 03:39:11 GMT" skipped="0">
  <testcase classname="com.nopcommerce.users.Level_02_Register_Login_AbstractPage_01" name="LevelTC02_Login" time="2.177"/>
  <testcase classname="com.nopcommerce.users.Level_02_Register_Login_AbstractPage_01" name="LevelTC01_Register" time="8.203"/>
  <testcase classname="com.nopcommerce.users.Level_02_Register_Login_AbstractPage_01" name="LevelTC03_View_MyAccount" time="2.033"/>
</testsuite> <!-- com.nopcommerce.users.Level_02_Register_Login_AbstractPage_01 -->
