<?xml version="1.0" encoding="UTF-8"?>
<!-- Generated by org.testng.reporters.JUnitReportReporter -->
<testsuite hostname="FIT-HienHT2" failures="0" tests="5" name="facebook.web.users.Login" time="0.009" errors="0" timestamp="17 May 2021 09:12:16 GMT" skipped="0">
  <testcase classname="facebook.web.users.Login" name="Login_04_IncorrectPass" time="0.001"/>
  <testcase classname="facebook.web.users.Login" name="Login_05_ValidEmailAndPass" time="0.001"/>
  <testcase classname="facebook.web.users.Login" name="Login_03_InvalidPass" time="0.000"/>
  <testcase classname="facebook.web.users.Login" name="Login_02_IncorrectEmail" time="0.001"/>
  <testcase classname="facebook.web.users.Login" name="Login_01_InvalidEmail" time="0.006"/>
</testsuite> <!-- facebook.web.users.Login -->
