<?xml version="1.0" encoding="UTF-8"?>
<!-- Generated by org.testng.reporters.JUnitReportReporter -->
<testsuite hostname="FIT-HienHT2" failures="0" tests="4" name="com.nopcommerce.users.Level_12_Register_Login_Element_Undispalyed" time="64.666" errors="0" timestamp="18 Jun 2021 07:45:36 GMT" skipped="0">
  <testcase classname="com.nopcommerce.users.Level_12_Register_Login_Element_Undispalyed" name="LevelTC02_Login" time="24.643"/>
  <testcase classname="com.nopcommerce.users.Level_12_Register_Login_Element_Undispalyed" name="LevelTC02_Login" time="23.362"/>
  <testcase classname="com.nopcommerce.users.Level_12_Register_Login_Element_Undispalyed" name="LevelTC01_Register" time="6.620"/>
  <testcase classname="com.nopcommerce.users.Level_12_Register_Login_Element_Undispalyed" name="LevelTC01_Register" time="10.041"/>
</testsuite> <!-- com.nopcommerce.users.Level_12_Register_Login_Element_Undispalyed -->
