<?xml version="1.0" encoding="UTF-8"?>
<!-- Generated by org.testng.reporters.JUnitReportReporter -->
<testsuite hostname="FIT-HienHT2" failures="0" tests="2" name="com.nopcommerce.users.Level_11_Register_Login_Element_Undispalyed" time="29.182" errors="0" timestamp="17 Jun 2021 04:21:26 GMT" skipped="0">
  <testcase classname="com.nopcommerce.users.Level_11_Register_Login_Element_Undispalyed" name="LevelTC01_Register" time="6.010"/>
  <testcase classname="com.nopcommerce.users.Level_11_Register_Login_Element_Undispalyed" name="LevelTC02_Login" time="23.172"/>
</testsuite> <!-- com.nopcommerce.users.Level_11_Register_Login_Element_Undispalyed -->
