<?xml version="1.0" encoding="UTF-8"?>
<!-- Generated by org.testng.reporters.JUnitReportReporter -->
<testsuite hostname="FIT-HienHT2" failures="0" tests="3" name="com.nopcommerce.users.Level_03_Register_Login_Page_Oject" time="11.820" errors="0" timestamp="20 May 2021 03:39:11 GMT" skipped="0">
  <testcase classname="com.nopcommerce.users.Level_03_Register_Login_Page_Oject" name="LevelTC02_Login" time="2.250"/>
  <testcase classname="com.nopcommerce.users.Level_03_Register_Login_Page_Oject" name="LevelTC03_View_MyAccount" time="1.976"/>
  <testcase classname="com.nopcommerce.users.Level_03_Register_Login_Page_Oject" name="LevelTC01_Register" time="7.594"/>
</testsuite> <!-- com.nopcommerce.users.Level_03_Register_Login_Page_Oject -->
