<?xml version="1.0" encoding="UTF-8"?>
<!-- Generated by org.testng.reporters.JUnitReportReporter -->
<testsuite hostname="FIT-HienHT2" failures="0" tests="2" name="com.nopcommerce.users.Level_11_Register_Login_Assert_Verify" time="31.729" errors="0" timestamp="18 Jun 2021 06:44:43 GMT" skipped="0">
  <testcase classname="com.nopcommerce.users.Level_11_Register_Login_Assert_Verify" name="LevelTC01_Register" time="7.401"/>
  <testcase classname="com.nopcommerce.users.Level_11_Register_Login_Assert_Verify" name="LevelTC02_Login" time="24.328"/>
</testsuite> <!-- com.nopcommerce.users.Level_11_Register_Login_Assert_Verify -->
