<?xml version="1.0" encoding="UTF-8"?>
<!-- Generated by org.testng.reporters.JUnitReportReporter -->
<testsuite hostname="FIT-HienHT2" failures="0" tests="6" name="com.nopcommerce.users.Level_06_Register_Login_Page_Generator_Manager" time="28.191" errors="0" timestamp="09 Jun 2021 03:29:19 GMT" skipped="0">
  <testcase classname="com.nopcommerce.users.Level_06_Register_Login_Page_Generator_Manager" name="LevelTC02_Login" time="4.234"/>
  <testcase classname="com.nopcommerce.users.Level_06_Register_Login_Page_Generator_Manager" name="LevelTC03_View_MyAccount" time="2.190"/>
  <testcase classname="com.nopcommerce.users.Level_06_Register_Login_Page_Generator_Manager" name="LevelTC01_Register" time="8.843"/>
  <testcase classname="com.nopcommerce.users.Level_06_Register_Login_Page_Generator_Manager" name="LevelTC01_Register" time="6.356"/>
  <testcase classname="com.nopcommerce.users.Level_06_Register_Login_Page_Generator_Manager" name="LevelTC02_Login" time="3.966"/>
  <testcase classname="com.nopcommerce.users.Level_06_Register_Login_Page_Generator_Manager" name="LevelTC03_View_MyAccount" time="2.602"/>
</testsuite> <!-- com.nopcommerce.users.Level_06_Register_Login_Page_Generator_Manager -->
